\BOOKMARK [1][-]{section.0.1}{Test}{}% 1
\BOOKMARK [2][-]{subsection.0.1.1}{A\040section}{section.0.1}% 2
\BOOKMARK [2][-]{subsection.0.1.2}{Another\040section}{section.0.1}% 3
\BOOKMARK [1][-]{section.0.2}{Review\040and\040Theory}{}% 4
\BOOKMARK [2][-]{subsection.0.2.1}{Planets\040from\040first\040principles}{section.0.2}% 5
\BOOKMARK [2][-]{subsection.0.2.2}{Heat\040and\040geometry:\040planetary\040basics}{section.0.2}% 6
\BOOKMARK [2][-]{subsection.0.2.3}{From\040planetary\040to\040exoplanetary:\040an\040expanding\040scope\040of\040inquiry}{section.0.2}% 7
\BOOKMARK [2][-]{subsection.0.2.4}{Geodynamics:\040an\040evolving\040discipline}{section.0.2}% 8
\BOOKMARK [2][-]{subsection.0.2.5}{Review}{section.0.2}% 9
\BOOKMARK [1][-]{section.0.3}{Tools\040and\040methods}{}% 10
\BOOKMARK [2][-]{subsection.0.3.1}{The\040analytical\040toolkit}{section.0.3}% 11
\BOOKMARK [2][-]{subsection.0.3.2}{Numerical\040methods\040and\040the\040Underworld\040code}{section.0.3}% 12
\BOOKMARK [2][-]{subsection.0.3.3}{Suite-modelling,\040PlanetEngine\040and\040Everest}{section.0.3}% 13
\BOOKMARK [2][-]{subsection.0.3.4}{Conclusion}{section.0.3}% 14
\BOOKMARK [1][-]{section.0.4}{PlanetEngine\040and\040Everest}{}% 15
\BOOKMARK [2][-]{subsection.0.4.1}{Motivation}{section.0.4}% 16
\BOOKMARK [2][-]{subsection.0.4.2}{Doctrine}{section.0.4}% 17
\BOOKMARK [2][-]{subsection.0.4.3}{Framework}{section.0.4}% 18
\BOOKMARK [2][-]{subsection.0.4.4}{Implementation}{section.0.4}% 19
\BOOKMARK [2][-]{subsection.0.4.5}{Demonstration}{section.0.4}% 20
\BOOKMARK [2][-]{subsection.0.4.6}{Discussion}{section.0.4}% 21
\BOOKMARK [2][-]{subsection.0.4.7}{Conclusion}{section.0.4}% 22
\BOOKMARK [1][-]{section.0.5}{Isoviscous\040rheologies}{}% 23
\BOOKMARK [2][-]{subsection.0.5.1}{Background}{section.0.5}% 24
\BOOKMARK [2][-]{subsection.0.5.2}{Methods}{section.0.5}% 25
\BOOKMARK [2][-]{subsection.0.5.3}{Results}{section.0.5}% 26
\BOOKMARK [2][-]{subsection.0.5.4}{Discussion}{section.0.5}% 27
\BOOKMARK [2][-]{subsection.0.5.5}{Conclusion}{section.0.5}% 28
\BOOKMARK [1][-]{section.0.6}{Temperature-dependant\040rheology}{}% 29
\BOOKMARK [1][-]{section.0.7}{Viscoplastic\040rheology}{}% 30
\BOOKMARK [1][-]{section.0.8}{New\040techniques}{}% 31
\BOOKMARK [1][-]{section.0.9}{Discussion}{}% 32
