\BOOKMARK [0][-]{chapter.1}{Introduction}{}% 1
\BOOKMARK [0][-]{chapter.2}{Review\040and\040Theory}{}% 2
\BOOKMARK [1][-]{subsection.2.0.1}{Planets\040from\040first\040principles}{chapter.2}% 3
\BOOKMARK [2][-]{subsection.2.0.2}{Heat\040and\040geometry:\040planetary\040basics}{subsection.2.0.1}% 4
\BOOKMARK [2][-]{subsection.2.0.3}{From\040planetary\040to\040exoplanetary:\040an\040expanding\040scope\040of\040inquiry}{subsection.2.0.1}% 5
\BOOKMARK [2][-]{subsection.2.0.4}{Geodynamics:\040an\040evolving\040discipline}{subsection.2.0.1}% 6
\BOOKMARK [2][-]{subsection.2.0.5}{Review}{subsection.2.0.1}% 7
\BOOKMARK [0][-]{chapter.3}{Tools\040and\040methods}{}% 8
\BOOKMARK [1][-]{subsection.3.0.1}{The\040analytical\040toolkit}{chapter.3}% 9
\BOOKMARK [2][-]{subsection.3.0.2}{Numerical\040methods\040and\040the\040Underworld\040code}{subsection.3.0.1}% 10
\BOOKMARK [2][-]{subsection.3.0.3}{Suite-modelling,\040PlanetEngine\040and\040Everest}{subsection.3.0.1}% 11
\BOOKMARK [2][-]{subsection.3.0.4}{Conclusion}{subsection.3.0.1}% 12
\BOOKMARK [0][-]{chapter.4}{PlanetEngine\040and\040Everest}{}% 13
\BOOKMARK [1][-]{subsection.4.0.1}{Motivation}{chapter.4}% 14
\BOOKMARK [2][-]{subsection.4.0.2}{Doctrine}{subsection.4.0.1}% 15
\BOOKMARK [2][-]{subsection.4.0.3}{Framework}{subsection.4.0.1}% 16
\BOOKMARK [2][-]{subsection.4.0.4}{Implementation}{subsection.4.0.1}% 17
\BOOKMARK [2][-]{subsection.4.0.5}{Demonstration}{subsection.4.0.1}% 18
\BOOKMARK [2][-]{subsection.4.0.6}{Discussion}{subsection.4.0.1}% 19
\BOOKMARK [2][-]{subsection.4.0.7}{Conclusion}{subsection.4.0.1}% 20
\BOOKMARK [0][-]{chapter.5}{Isoviscous\040rheologies}{}% 21
\BOOKMARK [1][-]{subsection.5.0.1}{Background}{chapter.5}% 22
\BOOKMARK [2][-]{subsection.5.0.2}{Methods}{subsection.5.0.1}% 23
\BOOKMARK [2][-]{subsection.5.0.3}{Results}{subsection.5.0.1}% 24
\BOOKMARK [2][-]{subsection.5.0.4}{Discussion}{subsection.5.0.1}% 25
\BOOKMARK [2][-]{subsection.5.0.5}{Conclusion}{subsection.5.0.1}% 26
\BOOKMARK [0][-]{chapter.6}{Temperature-dependant\040rheology}{}% 27
\BOOKMARK [0][-]{chapter.7}{Viscoplastic\040rheology}{}% 28
\BOOKMARK [0][-]{chapter.8}{New\040techniques}{}% 29
\BOOKMARK [0][-]{chapter.9}{Discussion}{}% 30
\BOOKMARK [0][-]{chapter.10}{Conclusion}{}% 31
