[I 2025-05-09 03:50:16.437 ServerApp] jupyter_lsp | extension was successfully linked.
[I 2025-05-09 03:50:16.439 ServerApp] jupyter_server_terminals | extension was successfully linked.
[I 2025-05-09 03:50:16.445 ServerApp] jupyterlab | extension was successfully linked.
[I 2025-05-09 03:50:16.445 ServerApp] jupyterlab_myst | extension was successfully linked.
[I 2025-05-09 03:50:16.446 ServerApp] Writing Jupyter server cookie secret to /home/morpheus/.local/share/jupyter/runtime/jupyter_cookie_secret
[I 2025-05-09 03:50:16.604 ServerApp] notebook_shim | extension was successfully linked.
/usr/local/lib/python3.13/dist-packages/traitlets/traitlets.py:1897: FutureWarning: ServerApp.preferred_dir config is deprecated in jupyter-server 2.0. Use FileContentsManager.preferred_dir instead
  return t.cast(Sentinel, self._get_trait_default_generator(names[0])(self))
[I 2025-05-09 03:50:16.616 ServerApp] notebook_shim | extension was successfully loaded.
[I 2025-05-09 03:50:16.617 ServerApp] jupyter_lsp | extension was successfully loaded.
[I 2025-05-09 03:50:16.618 ServerApp] jupyter_server_terminals | extension was successfully loaded.
[I 2025-05-09 03:50:16.620 LabApp] JupyterLab extension loaded from /usr/local/lib/python3.13/dist-packages/jupyterlab
[I 2025-05-09 03:50:16.620 LabApp] JupyterLab application directory is /usr/local/share/jupyter/lab
[I 2025-05-09 03:50:16.620 LabApp] Extension Manager is 'pypi'.
[I 2025-05-09 03:50:16.641 ServerApp] jupyterlab | extension was successfully loaded.
[I 2025-05-09 03:50:16.695 ServerApp] jupyterlab_myst | extension was successfully loaded.
[I 2025-05-09 03:50:16.695 ServerApp] Serving notebooks from local directory: /home/morpheus
[I 2025-05-09 03:50:16.695 ServerApp] Jupyter Server 2.15.0 is running at:
[I 2025-05-09 03:50:16.695 ServerApp] http://a02a5e88704a:8888/lab?token=7bff4bb947502c5d935168f115b5941491c45f0b869f6ec7
[I 2025-05-09 03:50:16.695 ServerApp]     http://127.0.0.1:8888/lab?token=7bff4bb947502c5d935168f115b5941491c45f0b869f6ec7
[I 2025-05-09 03:50:16.695 ServerApp] Use Control-C to stop this server and shut down all kernels (twice to skip confirmation).
[C 2025-05-09 03:50:16.698 ServerApp] 
    
    To access the server, open this file in a browser:
        file:///home/morpheus/.local/share/jupyter/runtime/jpserver-7-open.html
    Or copy and paste one of these URLs:
        http://a02a5e88704a:8888/lab?token=7bff4bb947502c5d935168f115b5941491c45f0b869f6ec7
        http://127.0.0.1:8888/lab?token=7bff4bb947502c5d935168f115b5941491c45f0b869f6ec7
[I 2025-05-09 03:50:17.119 ServerApp] Skipped non-installed server(s): bash-language-server, dockerfile-language-server-nodejs, javascript-typescript-langserver, jedi-language-server, julia-language-server, pyright, python-language-server, python-lsp-server, r-languageserver, sql-language-server, texlab, typescript-language-server, unified-language-server, vscode-css-languageserver-bin, vscode-html-languageserver-bin, vscode-json-languageserver-bin, yaml-language-server
[W 2025-05-09 03:50:41.085 ServerApp] Clearing invalid/expired login cookie username-localhost-8890
[I 2025-05-09 03:50:41.086 LabApp] 302 GET /lab/workspaces/auto-E (@172.17.0.1) 1.95ms
[I 2025-05-09 03:50:43.584 ServerApp] User 00f2fb044e4a4364b98b674b18384aae logged in.
[I 2025-05-09 03:50:43.584 ServerApp] 302 POST /login?next=%2Flab%2Fworkspaces%2Fauto-E (00f2fb044e4a4364b98b674b18384aae@172.17.0.1) 1.30ms
[I 2025-05-09 03:50:44.783 LabApp] `sys_prefix` level settings are read-only, using `user` level for migration to `lockedExtensions`
[I 2025-05-09 03:50:44.788 LabApp] Build is up to date
[I 2025-05-09 03:50:51.730 ServerApp] New terminal with automatic name: 1
[I 2025-05-09 03:51:14.086 ServerApp] Saving file at /workspace/catchup.sh
[I 2025-05-09 03:51:43.256 ServerApp] Saving file at /workspace/book/build.sh
[I 2025-05-09 03:52:16.527 ServerApp] New terminal with automatic name: 2
[I 2025-05-09 03:53:13.686 ServerApp] Kernel started: 4be4f63d-d150-4782-b8b0-ac3178bfcefc
[I 2025-05-09 03:53:14.075 ServerApp] Connecting to kernel 4be4f63d-d150-4782-b8b0-ac3178bfcefc.
[I 2025-05-09 03:53:22.271 ServerApp] Connecting to kernel 4be4f63d-d150-4782-b8b0-ac3178bfcefc.
[I 2025-05-09 03:53:29.509 ServerApp] Kernel shutdown: 4be4f63d-d150-4782-b8b0-ac3178bfcefc
