\BOOKMARK [0][-]{chapter.1}{Introduction}{}% 1
\BOOKMARK [0][-]{chapter.2}{Review\040and\040Theory}{}% 2
\BOOKMARK [1][-]{section.2.1}{Planets\040from\040first\040principles}{chapter.2}% 3
\BOOKMARK [1][-]{section.2.2}{Heat\040and\040geometry:\040planetary\040basics}{chapter.2}% 4
\BOOKMARK [1][-]{section.2.3}{From\040planetary\040to\040exoplanetary:\040an\040expanding\040scope\040of\040inquiry}{chapter.2}% 5
\BOOKMARK [2][-]{subsection.2.3.1}{Local\040planets}{section.2.3}% 6
\BOOKMARK [2][-]{subsection.2.3.2}{Exoplanets}{section.2.3}% 7
\BOOKMARK [1][-]{section.2.4}{Geodynamics:\040an\040evolving\040discipline}{chapter.2}% 8
\BOOKMARK [2][-]{subsection.2.4.1}{Empirical\040foundations\040of\040geodynamic\040thought}{section.2.4}% 9
\BOOKMARK [2][-]{subsection.2.4.2}{Challenges\040to\040the\040conventional\040model\040of\040plate\040tectonics}{section.2.4}% 10
\BOOKMARK [2][-]{subsection.2.4.3}{Continents:\040a\040decisive\040control\040in\040the\040tectonic\040system}{section.2.4}% 11
\BOOKMARK [2][-]{subsection.2.4.4}{Tectonic\040modes:\040beyond\040plate\040tectonics}{section.2.4}% 12
\BOOKMARK [2][-]{subsection.2.4.5}{Tectonic\040mode\040transitions\040and\040planetary\040memory}{section.2.4}% 13
\BOOKMARK [1][-]{section.2.5}{Review}{chapter.2}% 14
\BOOKMARK [0][-]{chapter.3}{Tools\040and\040methods}{}% 15
\BOOKMARK [1][-]{section.3.1}{The\040analytical\040toolkit}{chapter.3}% 16
\BOOKMARK [2][-]{subsection.3.1.1}{The\040Nusselt\040number}{section.3.1}% 17
\BOOKMARK [2][-]{subsection.3.1.2}{The\040Prandtl,\040Grashof,\040Reynolds,\040and\040Rayleigh\040numbers}{section.3.1}% 18
\BOOKMARK [2][-]{subsection.3.1.3}{Linear\040stability\040analysis\040and\040the\040critical\040Rayleigh\040number}{section.3.1}% 19
\BOOKMARK [2][-]{subsection.3.1.4}{Boundary\040layer\040theory\040and\040the\040Ra\040-Nu\040scaling}{section.3.1}% 20
\BOOKMARK [2][-]{subsection.3.1.5}{Critical\040values\040for\040the\040internally-heated\040case}{section.3.1}% 21
\BOOKMARK [2][-]{subsection.3.1.6}{Chaos\040and\040attraction:\040approximate\040solutions\040to\040insoluble\040equations}{section.3.1}% 22
\BOOKMARK [1][-]{section.3.2}{Numerical\040methods\040and\040the\040Underworld\040code}{chapter.3}% 23
\BOOKMARK [2][-]{subsection.3.2.1}{Numerical\040methods}{section.3.2}% 24
\BOOKMARK [2][-]{subsection.3.2.2}{The\040Underworld\040code}{section.3.2}% 25
\BOOKMARK [2][-]{subsection.3.2.3}{Underworld\040in\040the\040annulus}{section.3.2}% 26
\BOOKMARK [1][-]{section.3.3}{Suite-modelling,\040PlanetEngine\040and\040Everest}{chapter.3}% 27
\BOOKMARK [2][-]{subsection.3.3.1}{A\040conceptual\040meta-model\040for\040suite-modelling}{section.3.3}% 28
\BOOKMARK [2][-]{subsection.3.3.2}{Suite-modelling\040for\040geodynamics:\040PlanetEngine\040and\040Everest}{section.3.3}% 29
\BOOKMARK [1][-]{section.3.4}{Conclusion}{chapter.3}% 30
\BOOKMARK [0][-]{chapter.4}{PlanetEngine\040and\040Everest}{}% 31
\BOOKMARK [1][-]{section.4.1}{Motivation}{chapter.4}% 32
\BOOKMARK [1][-]{section.4.2}{Doctrine}{chapter.4}% 33
\BOOKMARK [2][-]{subsection.4.2.1}{Why\040a\040doctrine?}{section.4.2}% 34
\BOOKMARK [2][-]{subsection.4.2.2}{First\040principles\040of\040AKP}{section.4.2}% 35
\BOOKMARK [2][-]{subsection.4.2.3}{Knodes,\040Knodules,\040and\040the\040Procedural\040Encyclopedia}{section.4.2}% 36
\BOOKMARK [2][-]{subsection.4.2.4}{Structures\040of\040AKP}{section.4.2}% 37
\BOOKMARK [2][-]{subsection.4.2.5}{Using\040AKP}{section.4.2}% 38
\BOOKMARK [1][-]{section.4.3}{Framework}{chapter.4}% 39
\BOOKMARK [2][-]{subsection.4.3.1}{The\040idea\040of\040Everest}{section.4.3}% 40
\BOOKMARK [2][-]{subsection.4.3.2}{General\040structure\040and\040use\040pattern}{section.4.3}% 41
\BOOKMARK [2][-]{subsection.4.3.3}{Top-level\040syntax}{section.4.3}% 42
\BOOKMARK [1][-]{section.4.4}{Implementation}{chapter.4}% 43
\BOOKMARK [2][-]{subsection.4.4.1}{Object-oriented\040programming}{section.4.4}% 44
\BOOKMARK [2][-]{subsection.4.4.2}{Generic\040Everest\040tools}{section.4.4}% 45
\BOOKMARK [2][-]{subsection.4.4.3}{The\040Incision\040Protocol}{section.4.4}% 46
\BOOKMARK [2][-]{subsection.4.4.4}{Chora\040subclasses}{section.4.4}% 47
\BOOKMARK [1][-]{section.4.5}{Demonstration}{chapter.4}% 48
\BOOKMARK [1][-]{section.4.6}{Discussion}{chapter.4}% 49
\BOOKMARK [1][-]{section.4.7}{Conclusion}{chapter.4}% 50
\BOOKMARK [0][-]{chapter.5}{Isoviscous\040rheologies}{}% 51
\BOOKMARK [1][-]{section.5.1}{Background}{chapter.5}% 52
\BOOKMARK [2][-]{subsection.5.1.1}{Basics\040of\040convection}{section.5.1}% 53
\BOOKMARK [2][-]{subsection.5.1.2}{Simple\040isoviscous\040rheology}{section.5.1}% 54
\BOOKMARK [2][-]{subsection.5.1.3}{Isoviscous\040rheology\040with\040internal\040and\040mixed\040heating}{section.5.1}% 55
\BOOKMARK [2][-]{subsection.5.1.4}{Isoviscous\040rheology\040in\040cylindrical\040geometry}{section.5.1}% 56
\BOOKMARK [2][-]{subsection.5.1.5}{Conclusion}{section.5.1}% 57
\BOOKMARK [1][-]{section.5.2}{Methods}{chapter.5}% 58
\BOOKMARK [1][-]{section.5.3}{Results}{chapter.5}% 59
\BOOKMARK [1][-]{section.5.4}{Discussion}{chapter.5}% 60
\BOOKMARK [1][-]{section.5.5}{Conclusion}{chapter.5}% 61
\BOOKMARK [0][-]{chapter.6}{Temperature-dependant\040rheology}{}% 62
\BOOKMARK [0][-]{chapter.7}{Viscoplastic\040rheology}{}% 63
\BOOKMARK [0][-]{chapter.8}{New\040techniques}{}% 64
\BOOKMARK [0][-]{chapter.9}{Discussion}{}% 65
\BOOKMARK [0][-]{chapter.10}{Conclusion}{}% 66
