\BOOKMARK [1][-]{section.0.1}{Review\040and\040Theory}{}% 1
\BOOKMARK [2][-]{subsection.0.1.1}{Planets\040from\040first\040principles}{section.0.1}% 2
\BOOKMARK [2][-]{subsection.0.1.2}{Heat\040and\040geometry:\040planetary\040basics}{section.0.1}% 3
\BOOKMARK [2][-]{subsection.0.1.3}{From\040planetary\040to\040exoplanetary:\040an\040expanding\040scope\040of\040inquiry}{section.0.1}% 4
\BOOKMARK [2][-]{subsection.0.1.4}{Geodynamics:\040an\040evolving\040discipline}{section.0.1}% 5
\BOOKMARK [2][-]{subsection.0.1.5}{Review}{section.0.1}% 6
\BOOKMARK [1][-]{section.0.2}{Tools\040and\040methods}{}% 7
\BOOKMARK [1][-]{section.0.3}{The\040analytical\040toolkit}{}% 8
\BOOKMARK [2][-]{subsection.0.3.1}{The\040Nusselt\040number}{section.0.3}% 9
\BOOKMARK [2][-]{subsection.0.3.2}{The\040Prandtl,\040Grashof,\040Reynolds,\040and\040Rayleigh\040numbers}{section.0.3}% 10
\BOOKMARK [2][-]{subsection.0.3.3}{Linear\040stability\040analysis\040and\040the\040critical\040Rayleigh\040number}{section.0.3}% 11
\BOOKMARK [2][-]{subsection.0.3.4}{Boundary\040layer\040theory\040and\040the\040Ra\040-Nu\040scaling}{section.0.3}% 12
\BOOKMARK [2][-]{subsection.0.3.5}{Critical\040values\040for\040the\040internally-heated\040case}{section.0.3}% 13
\BOOKMARK [2][-]{subsection.0.3.6}{Chaos\040and\040attraction:\040approximate\040solutions\040to\040insoluble\040equations}{section.0.3}% 14
\BOOKMARK [1][-]{section.0.4}{Numerical\040methods\040and\040the\040Underworld\040code}{}% 15
\BOOKMARK [2][-]{subsection.0.4.1}{Numerical\040methods}{section.0.4}% 16
\BOOKMARK [2][-]{subsection.0.4.2}{The\040Underworld\040code}{section.0.4}% 17
\BOOKMARK [2][-]{subsection.0.4.3}{Underworld\040in\040the\040annulus}{section.0.4}% 18
\BOOKMARK [1][-]{section.0.5}{Suite-modelling,\040PlanetEngine\040and\040Everest}{}% 19
\BOOKMARK [2][-]{subsection.0.5.1}{A\040conceptual\040meta-model\040for\040suite-modelling}{section.0.5}% 20
\BOOKMARK [2][-]{subsection.0.5.2}{Suite-modelling\040for\040geodynamics:\040PlanetEngine\040and\040Everest}{section.0.5}% 21
\BOOKMARK [1][-]{section.0.6}{Conclusion}{}% 22
\BOOKMARK [1][-]{section.0.7}{PlanetEngine\040and\040Everest}{}% 23
\BOOKMARK [1][-]{section.0.8}{Introduction}{}% 24
\BOOKMARK [1][-]{section.0.9}{Motivation}{}% 25
\BOOKMARK [1][-]{section.0.10}{Doctrine}{}% 26
\BOOKMARK [2][-]{subsection.0.10.1}{Why\040a\040doctrine?}{section.0.10}% 27
\BOOKMARK [2][-]{subsection.0.10.2}{First\040principles\040of\040AKP}{section.0.10}% 28
\BOOKMARK [2][-]{subsection.0.10.3}{Knodes,\040Knodules,\040and\040the\040Procedural\040Encyclopedia}{section.0.10}% 29
\BOOKMARK [2][-]{subsection.0.10.4}{Structures\040of\040AKP}{section.0.10}% 30
\BOOKMARK [2][-]{subsection.0.10.5}{Using\040AKP}{section.0.10}% 31
\BOOKMARK [1][-]{section.0.11}{Framework}{}% 32
\BOOKMARK [2][-]{subsection.0.11.1}{The\040idea\040of\040Everest}{section.0.11}% 33
\BOOKMARK [2][-]{subsection.0.11.2}{General\040structure\040and\040use\040pattern}{section.0.11}% 34
\BOOKMARK [2][-]{subsection.0.11.3}{Top-level\040syntax}{section.0.11}% 35
\BOOKMARK [1][-]{section.0.12}{Implementation}{}% 36
\BOOKMARK [2][-]{subsection.0.12.1}{Object-oriented\040programming}{section.0.12}% 37
\BOOKMARK [2][-]{subsection.0.12.2}{Generic\040Everest\040tools}{section.0.12}% 38
\BOOKMARK [2][-]{subsection.0.12.3}{The\040Incision\040Protocol}{section.0.12}% 39
\BOOKMARK [1][-]{section.0.13}{Demonstration}{}% 40
\BOOKMARK [1][-]{section.0.14}{Discussion}{}% 41
\BOOKMARK [1][-]{section.0.15}{Conclusion}{}% 42
\BOOKMARK [1][-]{section.0.16}{Conclusion}{}% 43
\BOOKMARK [1][-]{section.0.17}{Isoviscous\040rheologies}{}% 44
\BOOKMARK [1][-]{section.0.18}{Introduction}{}% 45
\BOOKMARK [1][-]{section.0.19}{Basics\040of\040convection}{}% 46
\BOOKMARK [2][-]{subsection.0.19.1}{Linear\040rheologies:\040the\040isoviscous\040case}{section.0.19}% 47
\BOOKMARK [1][-]{section.0.20}{Methods}{}% 48
\BOOKMARK [1][-]{section.0.21}{Results}{}% 49
\BOOKMARK [1][-]{section.0.22}{Discussion}{}% 50
\BOOKMARK [1][-]{section.0.23}{Conclusion}{}% 51
\BOOKMARK [1][-]{section.0.24}{Temperature-dependant\040rheology}{}% 52
\BOOKMARK [1][-]{section.0.25}{Viscoplastic\040rheology}{}% 53
\BOOKMARK [1][-]{section.0.26}{New\040techniques}{}% 54
\BOOKMARK [1][-]{section.0.27}{Discussion}{}% 55
