\BOOKMARK [-1][-]{part.1}{\376\377\000I\000\040\000F\000r\000o\000n\000t\000\040\000m\000a\000t\000t\000e\000r}{}% 1
\BOOKMARK [0][-]{chapter.1}{\376\377\000D\000e\000c\000l\000a\000r\000a\000t\000i\000o\000n}{part.1}% 2
\BOOKMARK [0][-]{chapter.2}{\376\377\000P\000r\000e\000a\000m\000b\000l\000e}{part.1}% 3
\BOOKMARK [0][-]{chapter.3}{\376\377\000A\000b\000s\000t\000r\000a\000c\000t}{part.1}% 4
\BOOKMARK [0][-]{chapter.4}{\376\377\000I\000n\000t\000r\000o\000d\000u\000c\000t\000i\000o\000n}{part.1}% 5
\BOOKMARK [0][-]{chapter.5}{\376\377\000A\000c\000k\000n\000o\000w\000l\000e\000d\000g\000e\000m\000e\000n\000t\000s}{part.1}% 6
\BOOKMARK [-1][-]{part.2}{\376\377\000I\000I\000\040\000T\000h\000e\000s\000i\000s}{}% 7
\BOOKMARK [0][-]{chapter.6}{\376\377\000R\000e\000v\000i\000e\000w\000\040\000a\000n\000d\000\040\000T\000h\000e\000o\000r\000y}{part.2}% 8
\BOOKMARK [1][-]{section.6.1}{\376\377\000P\000l\000a\000n\000e\000t\000s\000\040\000f\000r\000o\000m\000\040\000f\000i\000r\000s\000t\000\040\000p\000r\000i\000n\000c\000i\000p\000l\000e\000s}{chapter.6}% 9
\BOOKMARK [1][-]{section.6.2}{\376\377\000H\000e\000a\000t\000\040\000a\000n\000d\000\040\000g\000e\000o\000m\000e\000t\000r\000y\000:\000\040\000p\000l\000a\000n\000e\000t\000a\000r\000y\000\040\000b\000a\000s\000i\000c\000s}{chapter.6}% 10
\BOOKMARK [1][-]{section.6.3}{\376\377\000F\000r\000o\000m\000\040\000p\000l\000a\000n\000e\000t\000a\000r\000y\000\040\000t\000o\000\040\000e\000x\000o\000p\000l\000a\000n\000e\000t\000a\000r\000y\000:\000\040\000a\000n\000\040\000e\000x\000p\000a\000n\000d\000i\000n\000g\000\040\000s\000c\000o\000p\000e\000\040\000o\000f\000\040\000i\000n\000q\000u\000i\000r\000y}{chapter.6}% 11
\BOOKMARK [1][-]{section.6.4}{\376\377\000G\000e\000o\000d\000y\000n\000a\000m\000i\000c\000s\000:\000\040\000a\000n\000\040\000e\000v\000o\000l\000v\000i\000n\000g\000\040\000d\000i\000s\000c\000i\000p\000l\000i\000n\000e}{chapter.6}% 12
\BOOKMARK [1][-]{section.6.5}{\376\377\000R\000e\000v\000i\000e\000w}{chapter.6}% 13
\BOOKMARK [0][-]{chapter.7}{\376\377\000T\000o\000o\000l\000s\000\040\000a\000n\000d\000\040\000M\000e\000t\000h\000o\000d\000s}{part.2}% 14
\BOOKMARK [1][-]{section.7.1}{\376\377\000T\000h\000e\000\040\000a\000n\000a\000l\000y\000t\000i\000c\000a\000l\000\040\000t\000o\000o\000l\000k\000i\000t}{chapter.7}% 15
\BOOKMARK [1][-]{section.7.2}{\376\377\000N\000u\000m\000e\000r\000i\000c\000a\000l\000\040\000m\000e\000t\000h\000o\000d\000s\000\040\000a\000n\000d\000\040\000t\000h\000e\000\040\000U\000n\000d\000e\000r\000w\000o\000r\000l\000d\000\040\000c\000o\000d\000e}{chapter.7}% 16
\BOOKMARK [1][-]{section.7.3}{\376\377\000S\000u\000i\000t\000e\000-\000m\000o\000d\000e\000l\000l\000i\000n\000g\000,\000\040\000P\000l\000a\000n\000e\000t\000E\000n\000g\000i\000n\000e\000\040\000a\000n\000d\000\040\000E\000v\000e\000r\000e\000s\000t}{chapter.7}% 17
\BOOKMARK [1][-]{section.7.4}{\376\377\000C\000o\000n\000c\000l\000u\000s\000i\000o\000n}{chapter.7}% 18
\BOOKMARK [0][-]{chapter.8}{\376\377\000E\000v\000e\000r\000e\000s\000t\000:\000\040\000a\000\040\000F\000r\000a\000m\000e\000w\000o\000r\000k\000\040\000f\000o\000r\000\040\000A\000b\000s\000t\000r\000a\000c\000t\000i\000f\000i\000e\000d\000\040\000S\000c\000i\000e\000n\000c\000e}{part.2}% 19
\BOOKMARK [1][-]{section.8.1}{\376\377\000I\000n\000t\000r\000o\000d\000u\000c\000t\000i\000o\000n}{chapter.8}% 20
\BOOKMARK [1][-]{section.8.2}{\376\377\000M\000o\000t\000i\000v\000a\000t\000i\000o\000n}{chapter.8}% 21
\BOOKMARK [1][-]{section.8.3}{\376\377\000D\000o\000c\000t\000r\000i\000n\000e}{chapter.8}% 22
\BOOKMARK [1][-]{section.8.4}{\376\377\000F\000r\000a\000m\000e\000w\000o\000r\000k}{chapter.8}% 23
\BOOKMARK [1][-]{section.8.5}{\376\377\000I\000m\000p\000l\000e\000m\000e\000n\000t\000a\000t\000i\000o\000n}{chapter.8}% 24
\BOOKMARK [1][-]{section.8.6}{\376\377\000D\000e\000m\000o\000n\000s\000t\000r\000a\000t\000i\000o\000n}{chapter.8}% 25
\BOOKMARK [1][-]{section.8.7}{\376\377\000D\000i\000s\000c\000u\000s\000s\000i\000o\000n}{chapter.8}% 26
\BOOKMARK [1][-]{section.8.8}{\376\377\000C\000o\000n\000c\000l\000u\000s\000i\000o\000n}{chapter.8}% 27
\BOOKMARK [0][-]{chapter.9}{\376\377\000S\000c\000a\000l\000i\000n\000g\000\040\000B\000e\000h\000a\000v\000i\000o\000u\000r\000s\000\040\000o\000f\000\040\000L\000i\000n\000e\000a\000r\000\040\000R\000h\000e\000o\000l\000o\000g\000i\000e\000s\000:\000\040\000C\000o\000n\000s\000t\000a\000n\000t\000\040\000V\000i\000s\000c\000o\000s\000i\000t\000y}{part.2}% 28
\BOOKMARK [1][-]{section.9.1}{\376\377\000I\000n\000t\000r\000o\000d\000u\000c\000t\000i\000o\000n}{chapter.9}% 29
\BOOKMARK [1][-]{section.9.2}{\376\377\000B\000a\000c\000k\000g\000r\000o\000u\000n\000d}{chapter.9}% 30
\BOOKMARK [1][-]{section.9.3}{\376\377\000M\000e\000t\000h\000o\000d\000s}{chapter.9}% 31
\BOOKMARK [1][-]{section.9.4}{\376\377\000R\000e\000s\000u\000l\000t\000s}{chapter.9}% 32
\BOOKMARK [1][-]{section.9.5}{\376\377\000D\000i\000s\000c\000u\000s\000s\000i\000o\000n}{chapter.9}% 33
\BOOKMARK [1][-]{section.9.6}{\376\377\000C\000o\000n\000c\000l\000u\000s\000i\000o\000n}{chapter.9}% 34
\BOOKMARK [0][-]{chapter.10}{\376\377\000S\000c\000a\000l\000i\000n\000g\000\040\000B\000e\000h\000a\000v\000i\000o\000u\000r\000s\000\040\000o\000f\000\040\000L\000i\000n\000e\000a\000r\000\040\000R\000h\000e\000o\000l\000o\000g\000i\000e\000s\000:\000\040\000T\000e\000m\000p\000e\000r\000a\000t\000u\000r\000e\000-\000D\000e\000p\000e\000n\000d\000e\000n\000t\000\040\000V\000i\000s\000c\000o\000s\000i\000t\000y}{part.2}% 35
\BOOKMARK [1][-]{section.10.1}{\376\377\000I\000n\000t\000r\000o\000d\000u\000c\000t\000i\000o\000n}{chapter.10}% 36
\BOOKMARK [1][-]{section.10.2}{\376\377\000C\000o\000n\000c\000l\000u\000s\000i\000o\000n}{chapter.10}% 37
\BOOKMARK [0][-]{chapter.11}{\376\377\000M\000o\000d\000e\000\040\000B\000o\000u\000n\000d\000a\000r\000i\000e\000s\000\040\000i\000n\000\040\000V\000i\000s\000c\000o\000p\000l\000a\000s\000t\000i\000c\000\040\000R\000h\000e\000o\000l\000o\000g\000y}{part.2}% 38
\BOOKMARK [1][-]{section.11.1}{\376\377\000I\000n\000t\000r\000o\000d\000u\000c\000t\000i\000o\000n}{chapter.11}% 39
\BOOKMARK [1][-]{section.11.2}{\376\377\000C\000o\000n\000c\000l\000u\000s\000i\000o\000n}{chapter.11}% 40
\BOOKMARK [0][-]{chapter.12}{\376\377\000B\000i\000g\000\040\000D\000a\000t\000a\000\040\000M\000e\000t\000h\000o\000d\000s\000\040\000f\000o\000r\000\040\000C\000o\000m\000p\000u\000t\000a\000t\000i\000o\000n\000a\000l\000\040\000G\000e\000o\000d\000y\000n\000a\000m\000i\000c\000s}{part.2}% 41
\BOOKMARK [1][-]{section.12.1}{\376\377\000I\000n\000t\000r\000o\000d\000u\000c\000t\000i\000o\000n}{chapter.12}% 42
\BOOKMARK [1][-]{section.12.2}{\376\377\000C\000o\000n\000c\000l\000u\000s\000i\000o\000n}{chapter.12}% 43
\BOOKMARK [0][-]{chapter.13}{\376\377\000D\000i\000s\000c\000u\000s\000s\000i\000o\000n}{part.2}% 44
\BOOKMARK [0][-]{chapter.14}{\376\377\000C\000o\000n\000c\000l\000u\000s\000i\000o\000n}{part.2}% 45
\BOOKMARK [-1][-]{part.3}{\376\377\000I\000I\000I\000\040\000E\000n\000d\000\040\000m\000a\000t\000t\000e\000r}{}% 46
\BOOKMARK [0][-]{chapter.15}{\376\377\000R\000e\000f\000e\000r\000e\000n\000c\000e\000s}{part.3}% 47
\BOOKMARK [-1][-]{part.4}{\376\377\000I\000V\000\040\000A\000p\000p\000e\000n\000d\000i\000c\000e\000s}{}% 48
\BOOKMARK [0][-]{chapter.16}{\376\377\000T\000a\000b\000l\000e\000s}{part.4}% 49
\BOOKMARK [0][-]{chapter*.50}{\376\377\000B\000i\000b\000l\000i\000o\000g\000r\000a\000p\000h\000y}{part.4}% 50
